{"/home/dkobrin/dev/slalom/quests/wandas-wisdom/session-1/src/app.ts": {"path":"/home/dkobrin/dev/slalom/quests/wandas-wisdom/session-1/src/app.ts","statementMap":{"0":{"start":{"line":1,"column":0},"end":{"line":1,"column":54}},"1":{"start":{"line":2,"column":0},"end":{"line":2,"column":52}},"2":{"start":{"line":3,"column":0},"end":{"line":3,"column":64}},"3":{"start":{"line":4,"column":0},"end":{"line":4,"column":62}},"4":{"start":{"line":5,"column":0},"end":{"line":5,"column":62}},"5":{"start":{"line":7,"column":29},"end":{"line":7,"column":44}},"6":{"start":{"line":8,"column":28},"end":{"line":8,"column":42}},"7":{"start":{"line":9,"column":29},"end":{"line":9,"column":49}},"8":{"start":{"line":10,"column":33},"end":{"line":10,"column":52}},"9":{"start":{"line":12,"column":26},"end":{"line":12,"column":71}},"10":{"start":{"line":14,"column":0},"end":{"line":14,"column":null}},"11":{"start":{"line":15,"column":0},"end":{"line":15,"column":null}},"12":{"start":{"line":16,"column":0},"end":{"line":16,"column":null}},"13":{"start":{"line":17,"column":0},"end":{"line":17,"column":null}},"14":{"start":{"line":19,"column":0},"end":{"line":19,"column":null}}},"fnMap":{},"branchMap":{},"s":{"0":0,"1":0,"2":0,"3":0,"4":0,"5":0,"6":0,"7":0,"8":0,"9":0,"10":0,"11":0,"12":0,"13":0,"14":0},"f":{},"b":{}}
,"/home/dkobrin/dev/slalom/quests/wandas-wisdom/session-1/src/data/buttonText.ts": {"path":"/home/dkobrin/dev/slalom/quests/wandas-wisdom/session-1/src/data/buttonText.ts","statementMap":{"0":{"start":{"line":1,"column":27},"end":{"line":1,"column":38}},"1":{"start":{"line":3,"column":0},"end":{"line":3,"column":null}}},"fnMap":{},"branchMap":{},"s":{"0":1,"1":1},"f":{},"b":{}}
,"/home/dkobrin/dev/slalom/quests/wandas-wisdom/session-1/src/data/description.ts": {"path":"/home/dkobrin/dev/slalom/quests/wandas-wisdom/session-1/src/data/description.ts","statementMap":{"0":{"start":{"line":1,"column":28},"end":{"line":1,"column":83}},"1":{"start":{"line":3,"column":0},"end":{"line":3,"column":null}}},"fnMap":{},"branchMap":{},"s":{"0":1,"1":1},"f":{},"b":{}}
,"/home/dkobrin/dev/slalom/quests/wandas-wisdom/session-1/src/data/quotes.ts": {"path":"/home/dkobrin/dev/slalom/quests/wandas-wisdom/session-1/src/data/quotes.ts","statementMap":{"0":{"start":{"line":7,"column":13},"end":{"line":273,"column":null}}},"fnMap":{},"branchMap":{},"s":{"0":1},"f":{},"b":{}}
,"/home/dkobrin/dev/slalom/quests/wandas-wisdom/session-1/src/data/title.ts": {"path":"/home/dkobrin/dev/slalom/quests/wandas-wisdom/session-1/src/data/title.ts","statementMap":{"0":{"start":{"line":1,"column":22},"end":{"line":1,"column":38}},"1":{"start":{"line":3,"column":0},"end":{"line":3,"column":null}}},"fnMap":{},"branchMap":{},"s":{"0":1,"1":1},"f":{},"b":{}}
,"/home/dkobrin/dev/slalom/quests/wandas-wisdom/session-1/src/generators/createButton.ts": {"path":"/home/dkobrin/dev/slalom/quests/wandas-wisdom/session-1/src/generators/createButton.ts","statementMap":{"0":{"start":{"line":1,"column":0},"end":{"line":1,"column":43}},"1":{"start":{"line":2,"column":0},"end":{"line":2,"column":63}},"2":{"start":{"line":5,"column":38},"end":{"line":5,"column":70}},"3":{"start":{"line":6,"column":4},"end":{"line":6,"column":null}},"4":{"start":{"line":7,"column":4},"end":{"line":7,"column":null}},"5":{"start":{"line":9,"column":4},"end":{"line":9,"column":null}},"6":{"start":{"line":12,"column":0},"end":{"line":12,"column":null}}},"fnMap":{"0":{"name":"createButton","decl":{"start":{"line":4,"column":9},"end":{"line":4,"column":21}},"loc":{"start":{"line":4,"column":21},"end":{"line":10,"column":1}}}},"branchMap":{},"s":{"0":1,"1":1,"2":2,"3":2,"4":2,"5":2,"6":1},"f":{"0":2},"b":{}}
,"/home/dkobrin/dev/slalom/quests/wandas-wisdom/session-1/src/generators/createDescription.ts": {"path":"/home/dkobrin/dev/slalom/quests/wandas-wisdom/session-1/src/generators/createDescription.ts","statementMap":{"0":{"start":{"line":1,"column":0},"end":{"line":1,"column":45}},"1":{"start":{"line":4,"column":36},"end":{"line":4,"column":63}},"2":{"start":{"line":5,"column":4},"end":{"line":5,"column":null}},"3":{"start":{"line":7,"column":4},"end":{"line":7,"column":null}},"4":{"start":{"line":10,"column":0},"end":{"line":10,"column":null}}},"fnMap":{"0":{"name":"createDescription","decl":{"start":{"line":3,"column":9},"end":{"line":3,"column":26}},"loc":{"start":{"line":3,"column":26},"end":{"line":8,"column":1}}}},"branchMap":{},"s":{"0":1,"1":1,"2":1,"3":1,"4":1},"f":{"0":1},"b":{}}
,"/home/dkobrin/dev/slalom/quests/wandas-wisdom/session-1/src/generators/createHeading.ts": {"path":"/home/dkobrin/dev/slalom/quests/wandas-wisdom/session-1/src/generators/createHeading.ts","statementMap":{"0":{"start":{"line":1,"column":0},"end":{"line":1,"column":33}},"1":{"start":{"line":4,"column":35},"end":{"line":4,"column":63}},"2":{"start":{"line":5,"column":4},"end":{"line":5,"column":null}},"3":{"start":{"line":7,"column":4},"end":{"line":7,"column":null}},"4":{"start":{"line":10,"column":0},"end":{"line":10,"column":null}}},"fnMap":{"0":{"name":"createHeading","decl":{"start":{"line":3,"column":9},"end":{"line":3,"column":22}},"loc":{"start":{"line":3,"column":22},"end":{"line":8,"column":1}}}},"branchMap":{},"s":{"0":1,"1":1,"2":1,"3":1,"4":1},"f":{"0":1},"b":{}}
,"/home/dkobrin/dev/slalom/quests/wandas-wisdom/session-1/src/generators/createQuoteSection.ts": {"path":"/home/dkobrin/dev/slalom/quests/wandas-wisdom/session-1/src/generators/createQuoteSection.ts","statementMap":{"0":{"start":{"line":2,"column":33},"end":{"line":2,"column":66}},"1":{"start":{"line":3,"column":33},"end":{"line":3,"column":66}},"2":{"start":{"line":4,"column":36},"end":{"line":4,"column":63}},"3":{"start":{"line":5,"column":34},"end":{"line":5,"column":64}},"4":{"start":{"line":6,"column":32},"end":{"line":6,"column":61}},"5":{"start":{"line":8,"column":4},"end":{"line":8,"column":null}},"6":{"start":{"line":9,"column":4},"end":{"line":9,"column":null}},"7":{"start":{"line":10,"column":4},"end":{"line":10,"column":null}},"8":{"start":{"line":11,"column":4},"end":{"line":11,"column":null}},"9":{"start":{"line":12,"column":4},"end":{"line":12,"column":null}},"10":{"start":{"line":13,"column":4},"end":{"line":13,"column":null}},"11":{"start":{"line":15,"column":4},"end":{"line":15,"column":null}},"12":{"start":{"line":16,"column":4},"end":{"line":16,"column":null}},"13":{"start":{"line":17,"column":4},"end":{"line":17,"column":null}},"14":{"start":{"line":18,"column":4},"end":{"line":18,"column":null}},"15":{"start":{"line":20,"column":4},"end":{"line":20,"column":null}},"16":{"start":{"line":23,"column":0},"end":{"line":23,"column":null}}},"fnMap":{"0":{"name":"createQuoteSection","decl":{"start":{"line":1,"column":9},"end":{"line":1,"column":27}},"loc":{"start":{"line":1,"column":27},"end":{"line":21,"column":1}}}},"branchMap":{},"s":{"0":1,"1":1,"2":1,"3":1,"4":1,"5":1,"6":1,"7":1,"8":1,"9":1,"10":1,"11":1,"12":1,"13":1,"14":1,"15":1,"16":1},"f":{"0":1},"b":{}}
,"/home/dkobrin/dev/slalom/quests/wandas-wisdom/session-1/src/mutators/displayRandomQuote.ts": {"path":"/home/dkobrin/dev/slalom/quests/wandas-wisdom/session-1/src/mutators/displayRandomQuote.ts","statementMap":{"0":{"start":{"line":1,"column":0},"end":{"line":1,"column":44}},"1":{"start":{"line":2,"column":0},"end":{"line":2,"column":62}},"2":{"start":{"line":3,"column":0},"end":{"line":3,"column":50}},"3":{"start":{"line":4,"column":0},"end":{"line":4,"column":44}},"4":{"start":{"line":5,"column":0},"end":{"line":5,"column":39}},"5":{"start":{"line":8,"column":44},"end":{"line":8,"column":75}},"6":{"start":{"line":9,"column":40},"end":{"line":9,"column":73}},"7":{"start":{"line":10,"column":4},"end":{"line":22,"column":null}},"8":{"start":{"line":11,"column":33},"end":{"line":11,"column":54}},"9":{"start":{"line":12,"column":32},"end":{"line":12,"column":67}},"10":{"start":{"line":13,"column":34},"end":{"line":13,"column":47}},"11":{"start":{"line":14,"column":28},"end":{"line":14,"column":56}},"12":{"start":{"line":15,"column":26},"end":{"line":15,"column":49}},"13":{"start":{"line":17,"column":8},"end":{"line":17,"column":null}},"14":{"start":{"line":18,"column":8},"end":{"line":18,"column":null}},"15":{"start":{"line":19,"column":8},"end":{"line":19,"column":null}},"16":{"start":{"line":21,"column":8},"end":{"line":21,"column":66}},"17":{"start":{"line":25,"column":0},"end":{"line":25,"column":null}}},"fnMap":{"0":{"name":"displayRandomQuote","decl":{"start":{"line":7,"column":9},"end":{"line":7,"column":27}},"loc":{"start":{"line":7,"column":27},"end":{"line":23,"column":1}}}},"branchMap":{"0":{"loc":{"start":{"line":10,"column":4},"end":{"line":22,"column":null}},"type":"if","locations":[{"start":{"line":10,"column":4},"end":{"line":22,"column":null}},{"start":{"line":20,"column":11},"end":{"line":22,"column":null}}]},"1":{"loc":{"start":{"line":10,"column":8},"end":{"line":10,"column":30}},"type":"binary-expr","locations":[{"start":{"line":10,"column":8},"end":{"line":10,"column":19}},{"start":{"line":10,"column":23},"end":{"line":10,"column":30}}]}},"s":{"0":1,"1":1,"2":1,"3":1,"4":1,"5":2,"6":2,"7":2,"8":1,"9":1,"10":1,"11":1,"12":1,"13":1,"14":1,"15":1,"16":1,"17":1},"f":{"0":2},"b":{"0":[1,1],"1":[2,1]}}
,"/home/dkobrin/dev/slalom/quests/wandas-wisdom/session-1/src/mutators/replaceTags.ts": {"path":"/home/dkobrin/dev/slalom/quests/wandas-wisdom/session-1/src/mutators/replaceTags.ts","statementMap":{"0":{"start":{"line":2,"column":40},"end":{"line":2,"column":71}},"1":{"start":{"line":3,"column":4},"end":{"line":18,"column":null}},"2":{"start":{"line":4,"column":8},"end":{"line":8,"column":null}},"3":{"start":{"line":5,"column":29},"end":{"line":5,"column":60}},"4":{"start":{"line":7,"column":12},"end":{"line":7,"column":null}},"5":{"start":{"line":10,"column":8},"end":{"line":15,"column":null}},"6":{"start":{"line":11,"column":45},"end":{"line":11,"column":75}},"7":{"start":{"line":13,"column":12},"end":{"line":13,"column":null}},"8":{"start":{"line":14,"column":12},"end":{"line":14,"column":null}},"9":{"start":{"line":17,"column":8},"end":{"line":17,"column":48}},"10":{"start":{"line":21,"column":0},"end":{"line":21,"column":null}}},"fnMap":{"0":{"name":"replaceTags","decl":{"start":{"line":1,"column":9},"end":{"line":1,"column":20}},"loc":{"start":{"line":1,"column":38},"end":{"line":19,"column":1}}},"1":{"name":"(anonymous_1)","decl":{"start":{"line":10,"column":24},"end":{"line":10,"column":27}},"loc":{"start":{"line":10,"column":27},"end":{"line":15,"column":9}}}},"branchMap":{"0":{"loc":{"start":{"line":3,"column":4},"end":{"line":18,"column":null}},"type":"if","locations":[{"start":{"line":3,"column":4},"end":{"line":18,"column":null}},{"start":{"line":16,"column":11},"end":{"line":18,"column":null}}]}},"s":{"0":3,"1":3,"2":2,"3":11,"4":11,"5":2,"6":8,"7":8,"8":8,"9":1,"10":1},"f":{"0":3,"1":8},"b":{"0":[2,1]}}
,"/home/dkobrin/dev/slalom/quests/wandas-wisdom/session-1/src/utilities/checkIfIdentical.ts": {"path":"/home/dkobrin/dev/slalom/quests/wandas-wisdom/session-1/src/utilities/checkIfIdentical.ts","statementMap":{"0":{"start":{"line":2,"column":30},"end":{"line":2,"column":35}},"1":{"start":{"line":4,"column":4},"end":{"line":6,"column":null}},"2":{"start":{"line":5,"column":8},"end":{"line":5,"column":null}},"3":{"start":{"line":8,"column":4},"end":{"line":8,"column":null}},"4":{"start":{"line":11,"column":0},"end":{"line":11,"column":null}}},"fnMap":{"0":{"name":"checkIfIdentical","decl":{"start":{"line":1,"column":9},"end":{"line":1,"column":25}},"loc":{"start":{"line":1,"column":67},"end":{"line":9,"column":1}}}},"branchMap":{"0":{"loc":{"start":{"line":4,"column":4},"end":{"line":6,"column":null}},"type":"if","locations":[{"start":{"line":4,"column":4},"end":{"line":6,"column":null}}]}},"s":{"0":9,"1":9,"2":3,"3":9,"4":1},"f":{"0":9},"b":{"0":[3]}}
,"/home/dkobrin/dev/slalom/quests/wandas-wisdom/session-1/src/utilities/chooseUniqueQuote.ts": {"path":"/home/dkobrin/dev/slalom/quests/wandas-wisdom/session-1/src/utilities/chooseUniqueQuote.ts","statementMap":{"0":{"start":{"line":1,"column":0},"end":{"line":1,"column":51}},"1":{"start":{"line":2,"column":0},"end":{"line":2,"column":49}},"2":{"start":{"line":6,"column":28},"end":{"line":6,"column":56}},"3":{"start":{"line":7,"column":27},"end":{"line":7,"column":40}},"4":{"start":{"line":8,"column":33},"end":{"line":8,"column":67}},"5":{"start":{"line":10,"column":4},"end":{"line":14,"column":null}},"6":{"start":{"line":11,"column":8},"end":{"line":11,"column":null}},"7":{"start":{"line":13,"column":8},"end":{"line":13,"column":null}},"8":{"start":{"line":17,"column":0},"end":{"line":17,"column":null}}},"fnMap":{"0":{"name":"chooseUniqueQuote","decl":{"start":{"line":5,"column":9},"end":{"line":5,"column":26}},"loc":{"start":{"line":5,"column":62},"end":{"line":15,"column":1}}}},"branchMap":{"0":{"loc":{"start":{"line":10,"column":4},"end":{"line":14,"column":null}},"type":"if","locations":[{"start":{"line":10,"column":4},"end":{"line":14,"column":null}},{"start":{"line":12,"column":11},"end":{"line":14,"column":null}}]}},"s":{"0":1,"1":1,"2":7,"3":7,"4":7,"5":7,"6":5,"7":2,"8":1},"f":{"0":7},"b":{"0":[5,2]}}
,"/home/dkobrin/dev/slalom/quests/wandas-wisdom/session-1/src/utilities/generateRandomNumber.ts": {"path":"/home/dkobrin/dev/slalom/quests/wandas-wisdom/session-1/src/utilities/generateRandomNumber.ts","statementMap":{"0":{"start":{"line":2,"column":33},"end":{"line":2,"column":71}},"1":{"start":{"line":4,"column":4},"end":{"line":4,"column":null}},"2":{"start":{"line":7,"column":0},"end":{"line":7,"column":null}}},"fnMap":{"0":{"name":"generateRandomNumber","decl":{"start":{"line":1,"column":9},"end":{"line":1,"column":29}},"loc":{"start":{"line":1,"column":48},"end":{"line":5,"column":1}}}},"branchMap":{},"s":{"0":11,"1":11,"2":1},"f":{"0":11},"b":{}}
,"/home/dkobrin/dev/slalom/quests/wandas-wisdom/session-1/src/utilities/makeAllCaps.ts": {"path":"/home/dkobrin/dev/slalom/quests/wandas-wisdom/session-1/src/utilities/makeAllCaps.ts","statementMap":{"0":{"start":{"line":2,"column":29},"end":{"line":2,"column":48}},"1":{"start":{"line":4,"column":4},"end":{"line":4,"column":null}},"2":{"start":{"line":7,"column":0},"end":{"line":7,"column":null}}},"fnMap":{"0":{"name":"makeAllCaps","decl":{"start":{"line":1,"column":9},"end":{"line":1,"column":20}},"loc":{"start":{"line":1,"column":34},"end":{"line":5,"column":1}}}},"branchMap":{},"s":{"0":1,"1":1,"2":1},"f":{"0":1},"b":{}}
,"/home/dkobrin/dev/slalom/quests/wandas-wisdom/session-1/src/utilities/selectRandomQuote.ts": {"path":"/home/dkobrin/dev/slalom/quests/wandas-wisdom/session-1/src/utilities/selectRandomQuote.ts","statementMap":{"0":{"start":{"line":1,"column":0},"end":{"line":1,"column":57}},"1":{"start":{"line":5,"column":33},"end":{"line":5,"column":54}},"2":{"start":{"line":6,"column":33},"end":{"line":6,"column":67}},"3":{"start":{"line":7,"column":31},"end":{"line":7,"column":59}},"4":{"start":{"line":9,"column":4},"end":{"line":9,"column":null}},"5":{"start":{"line":12,"column":0},"end":{"line":12,"column":null}}},"fnMap":{"0":{"name":"selectRandomQuote","decl":{"start":{"line":4,"column":9},"end":{"line":4,"column":26}},"loc":{"start":{"line":4,"column":50},"end":{"line":10,"column":1}}}},"branchMap":{},"s":{"0":1,"1":9,"2":9,"3":9,"4":9,"5":1},"f":{"0":9},"b":{}}
,"/home/dkobrin/dev/slalom/quests/wandas-wisdom/session-1/src/utilities/sortTags.ts": {"path":"/home/dkobrin/dev/slalom/quests/wandas-wisdom/session-1/src/utilities/sortTags.ts","statementMap":{"0":{"start":{"line":2,"column":33},"end":{"line":2,"column":44}},"1":{"start":{"line":4,"column":4},"end":{"line":4,"column":null}},"2":{"start":{"line":7,"column":0},"end":{"line":7,"column":null}}},"fnMap":{"0":{"name":"sortTags","decl":{"start":{"line":1,"column":9},"end":{"line":1,"column":17}},"loc":{"start":{"line":1,"column":32},"end":{"line":5,"column":1}}}},"branchMap":{},"s":{"0":1,"1":1,"2":1},"f":{"0":1},"b":{}}
}
