TN:
SF:src/app.ts
FNF:0
FNH:0
DA:1,0
DA:2,0
DA:3,0
DA:4,0
DA:5,0
DA:7,0
DA:8,0
DA:9,0
DA:10,0
DA:12,0
DA:14,0
DA:15,0
DA:16,0
DA:17,0
DA:19,0
LF:15
LH:0
BRF:0
BRH:0
end_of_record
TN:
SF:src/data/buttonText.ts
FNF:0
FNH:0
DA:1,1
DA:3,1
LF:2
LH:2
BRF:0
BRH:0
end_of_record
TN:
SF:src/data/description.ts
FNF:0
FNH:0
DA:1,1
DA:3,1
LF:2
LH:2
BRF:0
BRH:0
end_of_record
TN:
SF:src/data/quotes.ts
FNF:0
FNH:0
DA:7,1
LF:1
LH:1
BRF:0
BRH:0
end_of_record
TN:
SF:src/data/title.ts
FNF:0
FNH:0
DA:1,1
DA:3,1
LF:2
LH:2
BRF:0
BRH:0
end_of_record
TN:
SF:src/generators/createButton.ts
FN:4,createButton
FNF:1
FNH:1
FNDA:2,createButton
DA:1,1
DA:2,1
DA:5,2
DA:6,2
DA:7,2
DA:9,2
DA:12,1
LF:7
LH:7
BRF:0
BRH:0
end_of_record
TN:
SF:src/generators/createDescription.ts
FN:3,createDescription
FNF:1
FNH:1
FNDA:1,createDescription
DA:1,1
DA:4,1
DA:5,1
DA:7,1
DA:10,1
LF:5
LH:5
BRF:0
BRH:0
end_of_record
TN:
SF:src/generators/createHeading.ts
FN:3,createHeading
FNF:1
FNH:1
FNDA:1,createHeading
DA:1,1
DA:4,1
DA:5,1
DA:7,1
DA:10,1
LF:5
LH:5
BRF:0
BRH:0
end_of_record
TN:
SF:src/generators/createQuoteSection.ts
FN:1,createQuoteSection
FNF:1
FNH:1
FNDA:1,createQuoteSection
DA:2,1
DA:3,1
DA:4,1
DA:5,1
DA:6,1
DA:8,1
DA:9,1
DA:10,1
DA:11,1
DA:12,1
DA:13,1
DA:15,1
DA:16,1
DA:17,1
DA:18,1
DA:20,1
DA:23,1
LF:17
LH:17
BRF:0
BRH:0
end_of_record
TN:
SF:src/mutators/displayRandomQuote.ts
FN:7,displayRandomQuote
FNF:1
FNH:1
FNDA:2,displayRandomQuote
DA:1,1
DA:2,1
DA:3,1
DA:4,1
DA:5,1
DA:8,2
DA:9,2
DA:10,2
DA:11,1
DA:12,1
DA:13,1
DA:14,1
DA:15,1
DA:17,1
DA:18,1
DA:19,1
DA:21,1
DA:25,1
LF:18
LH:18
BRDA:10,0,0,1
BRDA:10,0,1,1
BRDA:10,1,0,2
BRDA:10,1,1,1
BRF:4
BRH:4
end_of_record
TN:
SF:src/mutators/replaceTags.ts
FN:1,replaceTags
FN:10,(anonymous_1)
FNF:2
FNH:2
FNDA:3,replaceTags
FNDA:8,(anonymous_1)
DA:2,3
DA:3,3
DA:4,2
DA:5,11
DA:7,11
DA:10,2
DA:11,8
DA:13,8
DA:14,8
DA:17,1
DA:21,1
LF:11
LH:11
BRDA:3,0,0,2
BRDA:3,0,1,1
BRF:2
BRH:2
end_of_record
TN:
SF:src/utilities/checkIfIdentical.ts
FN:1,checkIfIdentical
FNF:1
FNH:1
FNDA:9,checkIfIdentical
DA:2,9
DA:4,9
DA:5,3
DA:8,9
DA:11,1
LF:5
LH:5
BRDA:4,0,0,3
BRF:1
BRH:1
end_of_record
TN:
SF:src/utilities/chooseUniqueQuote.ts
FN:5,chooseUniqueQuote
FNF:1
FNH:1
FNDA:7,chooseUniqueQuote
DA:1,1
DA:2,1
DA:6,7
DA:7,7
DA:8,7
DA:10,7
DA:11,5
DA:13,2
DA:17,1
LF:9
LH:9
BRDA:10,0,0,5
BRDA:10,0,1,2
BRF:2
BRH:2
end_of_record
TN:
SF:src/utilities/generateRandomNumber.ts
FN:1,generateRandomNumber
FNF:1
FNH:1
FNDA:11,generateRandomNumber
DA:2,11
DA:4,11
DA:7,1
LF:3
LH:3
BRF:0
BRH:0
end_of_record
TN:
SF:src/utilities/makeAllCaps.ts
FN:1,makeAllCaps
FNF:1
FNH:1
FNDA:1,makeAllCaps
DA:2,1
DA:4,1
DA:7,1
LF:3
LH:3
BRF:0
BRH:0
end_of_record
TN:
SF:src/utilities/selectRandomQuote.ts
FN:4,selectRandomQuote
FNF:1
FNH:1
FNDA:9,selectRandomQuote
DA:1,1
DA:5,9
DA:6,9
DA:7,9
DA:9,9
DA:12,1
LF:6
LH:6
BRF:0
BRH:0
end_of_record
TN:
SF:src/utilities/sortTags.ts
FN:1,sortTags
FNF:1
FNH:1
FNDA:1,sortTags
DA:2,1
DA:4,1
DA:7,1
LF:3
LH:3
BRF:0
BRH:0
end_of_record
